<?xml version="1.0" encoding="UTF-8"?>
<robot generator="Robot 6.0.2 (Python 3.11.3 on win32)" generated="20230504 03:16:15.618" rpa="false" schemaversion="3">
<suite id="s1" name="Keywords Argumentos Retornos" source="C:\Users\vinic\OneDrive\Documentos\robot-framework-basico\keywords_argumentos_retornos\keywords_argumentos_retornos.robot">
<test id="s1-t1" name="Caso de teste 01" line="6">
<kw name="Criar um email" library="resource_retorno">
<kw name="email_gerado" library="resource_retorno">
<var>${criar}</var>
<arg>${DADOS.nome}</arg>
<arg>${DADOS.sobre_nome}</arg>
<kw name="Log To Console" library="BuiltIn">
<var>${RESULTADO}</var>
<arg>${NOME}</arg>
<arg>${SOBRE}</arg>
<doc>Logs the given message to the console.</doc>
<msg timestamp="20230504 03:16:16.051" level="INFO">${RESULTADO} = None</msg>
<status status="PASS" starttime="20230504 03:16:16.050" endtime="20230504 03:16:16.051"/>
</kw>
<kw name="Generate Random String" library="String">
<var>${PALAVRA}</var>
<doc>Generates a string with a desired ``length`` from the given ``chars``.</doc>
<msg timestamp="20230504 03:16:16.052" level="INFO">${PALAVRA} = wEJQLQIl</msg>
<status status="PASS" starttime="20230504 03:16:16.051" endtime="20230504 03:16:16.052"/>
</kw>
<kw name="Word" library="FakerLibrary">
<var>${PA}</var>
<doc>Generate a word.</doc>
<msg timestamp="20230504 03:16:16.052" level="INFO">${PA} = significant</msg>
<status status="PASS" starttime="20230504 03:16:16.052" endtime="20230504 03:16:16.052"/>
</kw>
<msg timestamp="20230504 03:16:16.053" level="INFO">${criar} = ViniciusBrandãosignificantwEJQLQIl@testerobot.com</msg>
<status status="PASS" starttime="20230504 03:16:16.050" endtime="20230504 03:16:16.053"/>
</kw>
<kw name="Log To Console" library="BuiltIn">
<arg>${criar}</arg>
<doc>Logs the given message to the console.</doc>
<status status="PASS" starttime="20230504 03:16:16.053" endtime="20230504 03:16:16.053"/>
</kw>
<status status="PASS" starttime="20230504 03:16:16.049" endtime="20230504 03:16:16.054"/>
</kw>
<status status="PASS" starttime="20230504 03:16:16.049" endtime="20230504 03:16:16.054"/>
</test>
<doc>Essa suit cria um e-mail a partir do nome e sobrenome do usuario</doc>
<status status="PASS" starttime="20230504 03:16:15.619" endtime="20230504 03:16:16.055"/>
</suite>
<statistics>
<total>
<stat pass="1" fail="0" skip="0">All Tests</stat>
</total>
<tag>
</tag>
<suite>
<stat pass="1" fail="0" skip="0" id="s1" name="Keywords Argumentos Retornos">Keywords Argumentos Retornos</stat>
</suite>
</statistics>
<errors>
</errors>
</robot>
